build/app/intermediates/manifest_merge_blame_file/debug/manifest-merger-blame-debug-report.txt
1<?xml version="1.0" encoding="utf-8"?>
2<manifest xmlns:android="http://schemas.android.com/apk/res/android"
3    package="com.example.bank_sha"
4    android:versionCode="1"
5    android:versionName="1.0.0" >
6
7    <uses-sdk
8        android:minSdkVersion="16"
9        android:targetSdkVersion="30" />
10    <!--
11         Flutter needs it to communicate with the running application
12         to allow setting breakpoints, to provide hot reload, etc.
13    -->
14    <uses-permission android:name="android.permission.INTERNET" />
14-->src\debug\AndroidManifest.xml:6:5-66
14-->src\debug\AndroidManifest.xml:6:22-64
15    <!-- Provide required visibility configuration for API level 30 and above -->
16    <queries>
16-->src\main\AndroidManifest.xml:42:5-63:15
17
18        <!-- If your app opens https URLs -->
19        <intent>
19-->src\main\AndroidManifest.xml:44:7-47:16
20            <action android:name="android.intent.action.VIEW" />
20-->src\main\AndroidManifest.xml:45:9-61
20-->src\main\AndroidManifest.xml:45:17-58
21
22            <data android:scheme="https" />
22-->src\main\AndroidManifest.xml:46:9-40
22-->src\main\AndroidManifest.xml:46:15-37
23        </intent>
24        <!-- If your app makes call -->
25        <intent>
25-->src\main\AndroidManifest.xml:49:7-52:16
26            <action android:name="android.intent.action.DIAL" />
26-->src\main\AndroidManifest.xml:50:9-61
26-->src\main\AndroidManifest.xml:50:17-58
27
28            <data android:scheme="tel" />
28-->src\main\AndroidManifest.xml:46:9-40
28-->src\main\AndroidManifest.xml:46:15-37
29        </intent>
30        <!-- If your sends SMS messages -->
31        <intent>
31-->src\main\AndroidManifest.xml:54:7-57:16
32            <action android:name="android.intent.action.SENDTO" />
32-->src\main\AndroidManifest.xml:55:9-63
32-->src\main\AndroidManifest.xml:55:17-60
33
34            <data android:scheme="smsto" />
34-->src\main\AndroidManifest.xml:46:9-40
34-->src\main\AndroidManifest.xml:46:15-37
35        </intent>
36        <!-- If your app sends emails -->
37        <intent>
37-->src\main\AndroidManifest.xml:59:7-62:16
38            <action android:name="android.intent.action.SEND" />
38-->src\main\AndroidManifest.xml:60:9-61
38-->src\main\AndroidManifest.xml:60:17-58
39
40            <data android:scheme="*/*" />
40-->src\main\AndroidManifest.xml:46:9-40
40-->src\main\AndroidManifest.xml:46:15-37
41        </intent>
42    </queries>
43
44    <application
44-->src\main\AndroidManifest.xml:3:4-40:19
45        android:appComponentFactory="androidx.core.app.CoreComponentFactory"
45-->[androidx.core:core:1.6.0] AndroidManifest.xml:24:18-86
46        android:debuggable="true"
47        android:icon="@mipmap/ic_launcher"
47-->src\main\AndroidManifest.xml:5:9-43
48        android:label="bank_sha" >
48-->src\main\AndroidManifest.xml:4:9-33
49        <activity
49-->src\main\AndroidManifest.xml:6:9-34:20
50            android:name="com.example.bank_sha.MainActivity"
50-->src\main\AndroidManifest.xml:7:13-41
51            android:configChanges="orientation|keyboardHidden|keyboard|screenSize|smallestScreenSize|locale|layoutDirection|fontScale|screenLayout|density|uiMode"
51-->src\main\AndroidManifest.xml:10:13-163
52            android:hardwareAccelerated="true"
52-->src\main\AndroidManifest.xml:11:13-47
53            android:launchMode="singleTop"
53-->src\main\AndroidManifest.xml:8:13-43
54            android:theme="@style/LaunchTheme"
54-->src\main\AndroidManifest.xml:9:13-47
55            android:windowSoftInputMode="adjustResize" >
55-->src\main\AndroidManifest.xml:12:13-55
56
57            <!--
58                 Specifies an Android theme to apply to this Activity as soon as
59                 the Android process has started. This theme is visible to the user
60                 while the Flutter UI initializes. After that, this theme continues
61                 to determine the Window background behind the Flutter UI.
62            -->
63            <meta-data
63-->src\main\AndroidManifest.xml:17:13-20:17
64                android:name="io.flutter.embedding.android.NormalTheme"
64-->src\main\AndroidManifest.xml:18:15-70
65                android:resource="@style/NormalTheme" />
65-->src\main\AndroidManifest.xml:19:15-52
66            <!--
67                 Displays an Android View that continues showing the launch screen
68                 Drawable until Flutter paints its first frame, then this splash
69                 screen fades out. A splash screen is useful to avoid any visual
70                 gap between the end of Android's launch screen and the painting of
71                 Flutter's first frame.
72            -->
73            <meta-data
73-->src\main\AndroidManifest.xml:26:13-29:17
74                android:name="io.flutter.embedding.android.SplashScreenDrawable"
74-->src\main\AndroidManifest.xml:27:15-79
75                android:resource="@drawable/launch_background" />
75-->src\main\AndroidManifest.xml:28:15-61
76
77            <intent-filter>
77-->src\main\AndroidManifest.xml:30:13-33:29
78                <action android:name="android.intent.action.MAIN" />
78-->src\main\AndroidManifest.xml:31:17-68
78-->src\main\AndroidManifest.xml:31:25-66
79
80                <category android:name="android.intent.category.LAUNCHER" />
80-->src\main\AndroidManifest.xml:32:17-76
80-->src\main\AndroidManifest.xml:32:27-74
81            </intent-filter>
82        </activity>
83        <!--
84             Don't delete the meta-data below.
85             This is used by the Flutter tool to generate GeneratedPluginRegistrant.java
86        -->
87        <meta-data
87-->src\main\AndroidManifest.xml:37:9-39:33
88            android:name="flutterEmbedding"
88-->src\main\AndroidManifest.xml:38:13-44
89            android:value="2" />
89-->src\main\AndroidManifest.xml:39:13-30
90
91        <activity
91-->[:url_launcher_android] AndroidManifest.xml:10:9-13:74
92            android:name="io.flutter.plugins.urllauncher.WebViewActivity"
92-->[:url_launcher_android] AndroidManifest.xml:11:13-74
93            android:exported="false"
93-->[:url_launcher_android] AndroidManifest.xml:12:13-37
94            android:theme="@android:style/Theme.NoTitleBar.Fullscreen" />
94-->[:url_launcher_android] AndroidManifest.xml:13:13-71
95
96        <uses-library
96-->[androidx.window:window:1.0.0-beta04] AndroidManifest.xml:25:9-27:40
97            android:name="androidx.window.extensions"
97-->[androidx.window:window:1.0.0-beta04] AndroidManifest.xml:26:13-54
98            android:required="false" />
98-->[androidx.window:window:1.0.0-beta04] AndroidManifest.xml:27:13-37
99        <uses-library
99-->[androidx.window:window:1.0.0-beta04] AndroidManifest.xml:28:9-30:40
100            android:name="androidx.window.sidecar"
100-->[androidx.window:window:1.0.0-beta04] AndroidManifest.xml:29:13-51
101            android:required="false" />
101-->[androidx.window:window:1.0.0-beta04] AndroidManifest.xml:30:13-37
102    </application>
103
104</manifest>